[INFO] [18:28:58.399] [JavaFX Application Thread] [] com.zzg.mybatis.generator.util.DbUtil.getConnectionUrlWithSchema:63 --> getConnectionUrlWithSchema, connection url: jdbc:mysql://127.0.0.1:3306/db_vip?useUnicode=true&useSSL=false&characterEncoding=utf8
[INFO] [18:28:58.404] [JavaFX Application Thread] [] com.zzg.mybatis.generator.util.DbUtil.getConnectionUrlWithSchema:63 --> getConnectionUrlWithSchema, connection url: jdbc:mysql://127.0.0.1:3306/db_vip?useUnicode=true&useSSL=false&characterEncoding=utf8
[INFO] [18:28:58.405] [JavaFX Application Thread] [] com.zzg.mybatis.generator.util.DbUtil.getConnection:26 --> getConnection, connection url: jdbc:mysql://127.0.0.1:3306/db_vip?useUnicode=true&useSSL=false&characterEncoding=utf8
[ERROR] [18:28:58.606] [JavaFX Application Thread] [] com.zzg.mybatis.generator.controller.NewConnectionController.testConnection:72 --> Access denied for user 'root'@'localhost' (using password: YES)
java.sql.SQLException: Access denied for user 'root'@'localhost' (using password: YES)
	at com.mysql.jdbc.SQLError.createSQLException(SQLError.java:957) ~[mysql-connector-java-5.1.38.jar:5.1.38]
	at com.mysql.jdbc.MysqlIO.checkErrorPacket(MysqlIO.java:3878) ~[mysql-connector-java-5.1.38.jar:5.1.38]
	at com.mysql.jdbc.MysqlIO.checkErrorPacket(MysqlIO.java:3814) ~[mysql-connector-java-5.1.38.jar:5.1.38]
	at com.mysql.jdbc.MysqlIO.checkErrorPacket(MysqlIO.java:871) ~[mysql-connector-java-5.1.38.jar:5.1.38]
	at com.mysql.jdbc.MysqlIO.proceedHandshakeWithPluggableAuthentication(MysqlIO.java:1694) ~[mysql-connector-java-5.1.38.jar:5.1.38]
	at com.mysql.jdbc.MysqlIO.doHandshake(MysqlIO.java:1215) ~[mysql-connector-java-5.1.38.jar:5.1.38]
	at com.mysql.jdbc.ConnectionImpl.coreConnect(ConnectionImpl.java:2255) ~[mysql-connector-java-5.1.38.jar:5.1.38]
	at com.mysql.jdbc.ConnectionImpl.connectOneTryOnly(ConnectionImpl.java:2286) ~[mysql-connector-java-5.1.38.jar:5.1.38]
	at com.mysql.jdbc.ConnectionImpl.createNewIO(ConnectionImpl.java:2085) ~[mysql-connector-java-5.1.38.jar:5.1.38]
	at com.mysql.jdbc.ConnectionImpl.<init>(ConnectionImpl.java:795) ~[mysql-connector-java-5.1.38.jar:5.1.38]
	at com.mysql.jdbc.JDBC4Connection.<init>(JDBC4Connection.java:44) ~[mysql-connector-java-5.1.38.jar:5.1.38]
	at sun.reflect.NativeConstructorAccessorImpl.newInstance0(Native Method) ~[na:1.8.0_171]
	at sun.reflect.NativeConstructorAccessorImpl.newInstance(NativeConstructorAccessorImpl.java:62) ~[na:1.8.0_171]
	at sun.reflect.DelegatingConstructorAccessorImpl.newInstance(DelegatingConstructorAccessorImpl.java:45) ~[na:1.8.0_171]
	at java.lang.reflect.Constructor.newInstance(Constructor.java:423) ~[na:1.8.0_171]
	at com.mysql.jdbc.Util.handleNewInstance(Util.java:404) ~[mysql-connector-java-5.1.38.jar:5.1.38]
	at com.mysql.jdbc.ConnectionImpl.getInstance(ConnectionImpl.java:400) ~[mysql-connector-java-5.1.38.jar:5.1.38]
	at com.mysql.jdbc.NonRegisteringDriver.connect(NonRegisteringDriver.java:327) ~[mysql-connector-java-5.1.38.jar:5.1.38]
	at java.sql.DriverManager.getConnection(DriverManager.java:664) ~[na:1.8.0_171]
	at java.sql.DriverManager.getConnection(DriverManager.java:247) ~[na:1.8.0_171]
	at com.zzg.mybatis.generator.util.DbUtil.getConnection(DbUtil.java:27) ~[classes/:na]
	at com.zzg.mybatis.generator.controller.NewConnectionController.testConnection(NewConnectionController.java:69) ~[classes/:na]
	at sun.reflect.NativeMethodAccessorImpl.invoke0(Native Method) ~[na:1.8.0_171]
	at sun.reflect.NativeMethodAccessorImpl.invoke(NativeMethodAccessorImpl.java:62) ~[na:1.8.0_171]
	at sun.reflect.DelegatingMethodAccessorImpl.invoke(DelegatingMethodAccessorImpl.java:43) ~[na:1.8.0_171]
	at java.lang.reflect.Method.invoke(Method.java:498) ~[na:1.8.0_171]
	at sun.reflect.misc.Trampoline.invoke(MethodUtil.java:71) [na:1.8.0_171]
	at sun.reflect.GeneratedMethodAccessor1.invoke(Unknown Source) ~[na:na]
	at sun.reflect.DelegatingMethodAccessorImpl.invoke(DelegatingMethodAccessorImpl.java:43) ~[na:1.8.0_171]
	at java.lang.reflect.Method.invoke(Method.java:498) ~[na:1.8.0_171]
	at sun.reflect.misc.MethodUtil.invoke(MethodUtil.java:275) [na:1.8.0_171]
	at javafx.fxml.FXMLLoader$MethodHandler.invoke(FXMLLoader.java:1771) [jfxrt.jar:na]
	at javafx.fxml.FXMLLoader$ControllerMethodEventHandler.handle(FXMLLoader.java:1657) [jfxrt.jar:na]
	at com.sun.javafx.event.CompositeEventHandler.dispatchBubblingEvent(CompositeEventHandler.java:86) [jfxrt.jar:na]
	at com.sun.javafx.event.EventHandlerManager.dispatchBubblingEvent(EventHandlerManager.java:238) [jfxrt.jar:na]
	at com.sun.javafx.event.EventHandlerManager.dispatchBubblingEvent(EventHandlerManager.java:191) [jfxrt.jar:na]
	at com.sun.javafx.event.CompositeEventDispatcher.dispatchBubblingEvent(CompositeEventDispatcher.java:59) [jfxrt.jar:na]
	at com.sun.javafx.event.BasicEventDispatcher.dispatchEvent(BasicEventDispatcher.java:58) [jfxrt.jar:na]
	at com.sun.javafx.event.EventDispatchChainImpl.dispatchEvent(EventDispatchChainImpl.java:114) [jfxrt.jar:na]
	at com.sun.javafx.event.BasicEventDispatcher.dispatchEvent(BasicEventDispatcher.java:56) [jfxrt.jar:na]
	at com.sun.javafx.event.EventDispatchChainImpl.dispatchEvent(EventDispatchChainImpl.java:114) [jfxrt.jar:na]
	at com.sun.javafx.event.BasicEventDispatcher.dispatchEvent(BasicEventDispatcher.java:56) [jfxrt.jar:na]
	at com.sun.javafx.event.EventDispatchChainImpl.dispatchEvent(EventDispatchChainImpl.java:114) [jfxrt.jar:na]
	at com.sun.javafx.event.EventUtil.fireEventImpl(EventUtil.java:74) [jfxrt.jar:na]
	at com.sun.javafx.event.EventUtil.fireEvent(EventUtil.java:49) [jfxrt.jar:na]
	at javafx.event.Event.fireEvent(Event.java:198) [jfxrt.jar:na]
	at javafx.scene.Node.fireEvent(Node.java:8413) [jfxrt.jar:na]
	at javafx.scene.control.Button.fire(Button.java:185) [jfxrt.jar:na]
	at com.sun.javafx.scene.control.behavior.ButtonBehavior.mouseReleased(ButtonBehavior.java:182) [jfxrt.jar:na]
	at com.sun.javafx.scene.control.skin.BehaviorSkinBase$1.handle(BehaviorSkinBase.java:96) [jfxrt.jar:na]
	at com.sun.javafx.scene.control.skin.BehaviorSkinBase$1.handle(BehaviorSkinBase.java:89) [jfxrt.jar:na]
	at com.sun.javafx.event.CompositeEventHandler$NormalEventHandlerRecord.handleBubblingEvent(CompositeEventHandler.java:218) [jfxrt.jar:na]
	at com.sun.javafx.event.CompositeEventHandler.dispatchBubblingEvent(CompositeEventHandler.java:80) [jfxrt.jar:na]
	at com.sun.javafx.event.EventHandlerManager.dispatchBubblingEvent(EventHandlerManager.java:238) [jfxrt.jar:na]
	at com.sun.javafx.event.EventHandlerManager.dispatchBubblingEvent(EventHandlerManager.java:191) [jfxrt.jar:na]
	at com.sun.javafx.event.CompositeEventDispatcher.dispatchBubblingEvent(CompositeEventDispatcher.java:59) [jfxrt.jar:na]
	at com.sun.javafx.event.BasicEventDispatcher.dispatchEvent(BasicEventDispatcher.java:58) [jfxrt.jar:na]
	at com.sun.javafx.event.EventDispatchChainImpl.dispatchEvent(EventDispatchChainImpl.java:114) [jfxrt.jar:na]
	at com.sun.javafx.event.BasicEventDispatcher.dispatchEvent(BasicEventDispatcher.java:56) [jfxrt.jar:na]
	at com.sun.javafx.event.EventDispatchChainImpl.dispatchEvent(EventDispatchChainImpl.java:114) [jfxrt.jar:na]
	at com.sun.javafx.event.BasicEventDispatcher.dispatchEvent(BasicEventDispatcher.java:56) [jfxrt.jar:na]
	at com.sun.javafx.event.EventDispatchChainImpl.dispatchEvent(EventDispatchChainImpl.java:114) [jfxrt.jar:na]
	at com.sun.javafx.event.EventUtil.fireEventImpl(EventUtil.java:74) [jfxrt.jar:na]
	at com.sun.javafx.event.EventUtil.fireEvent(EventUtil.java:54) [jfxrt.jar:na]
	at javafx.event.Event.fireEvent(Event.java:198) [jfxrt.jar:na]
	at javafx.scene.Scene$MouseHandler.process(Scene.java:3757) [jfxrt.jar:na]
	at javafx.scene.Scene$MouseHandler.access$1500(Scene.java:3485) [jfxrt.jar:na]
	at javafx.scene.Scene.impl_processMouseEvent(Scene.java:1762) [jfxrt.jar:na]
	at javafx.scene.Scene$ScenePeerListener.mouseEvent(Scene.java:2494) [jfxrt.jar:na]
	at com.sun.javafx.tk.quantum.GlassViewEventHandler$MouseEventNotification.run(GlassViewEventHandler.java:394) [jfxrt.jar:na]
	at com.sun.javafx.tk.quantum.GlassViewEventHandler$MouseEventNotification.run(GlassViewEventHandler.java:295) [jfxrt.jar:na]
	at java.security.AccessController.doPrivileged(Native Method) [na:1.8.0_171]
	at com.sun.javafx.tk.quantum.GlassViewEventHandler.lambda$handleMouseEvent$353(GlassViewEventHandler.java:432) [jfxrt.jar:na]
	at com.sun.javafx.tk.quantum.QuantumToolkit.runWithoutRenderLock(QuantumToolkit.java:389) ~[jfxrt.jar:na]
	at com.sun.javafx.tk.quantum.GlassViewEventHandler.handleMouseEvent(GlassViewEventHandler.java:431) [jfxrt.jar:na]
	at com.sun.glass.ui.View.handleMouseEvent(View.java:555) ~[jfxrt.jar:na]
	at com.sun.glass.ui.View.notifyMouse(View.java:937) ~[jfxrt.jar:na]
	at com.sun.glass.ui.win.WinApplication._runLoop(Native Method) ~[jfxrt.jar:na]
	at com.sun.glass.ui.win.WinApplication.lambda$null$147(WinApplication.java:177) ~[jfxrt.jar:na]
	at java.lang.Thread.run(Thread.java:748) ~[na:1.8.0_171]
[INFO] [18:29:05.606] [JavaFX Application Thread] [] com.zzg.mybatis.generator.util.DbUtil.getConnectionUrlWithSchema:63 --> getConnectionUrlWithSchema, connection url: jdbc:mysql://127.0.0.1:3306/db_vip?useUnicode=true&useSSL=false&characterEncoding=utf8
[INFO] [18:29:05.606] [JavaFX Application Thread] [] com.zzg.mybatis.generator.util.DbUtil.getConnectionUrlWithSchema:63 --> getConnectionUrlWithSchema, connection url: jdbc:mysql://127.0.0.1:3306/db_vip?useUnicode=true&useSSL=false&characterEncoding=utf8
[INFO] [18:29:05.606] [JavaFX Application Thread] [] com.zzg.mybatis.generator.util.DbUtil.getConnection:26 --> getConnection, connection url: jdbc:mysql://127.0.0.1:3306/db_vip?useUnicode=true&useSSL=false&characterEncoding=utf8
[INFO] [18:29:09.613] [JavaFX Application Thread] [] com.zzg.mybatis.generator.util.DbUtil.getConnectionUrlWithSchema:63 --> getConnectionUrlWithSchema, connection url: jdbc:mysql://127.0.0.1:3306/db_vip?useUnicode=true&useSSL=false&characterEncoding=utf8
[INFO] [18:29:09.613] [JavaFX Application Thread] [] com.zzg.mybatis.generator.util.DbUtil.getTableNames:32 --> getTableNames, connection url: jdbc:mysql://127.0.0.1:3306/db_vip?useUnicode=true&useSSL=false&characterEncoding=utf8
[INFO] [18:29:57.387] [JavaFX Application Thread] [] com.zzg.mybatis.generator.util.ConfigHelper.findConnectorLibPath:205 --> jar resource: file:/D:/WorkSpaceIDEA/gsm-mybatis-generator/target/classes/logback.xml
[INFO] [18:29:57.389] [JavaFX Application Thread] [] com.zzg.mybatis.generator.bridge.MybatisGeneratorBridge.generate:64 --> connectorLibPath: D:\WorkSpaceIDEA\gsm-mybatis-generator\target\classes\lib\mysql-connector-java-5.1.38.jar
[INFO] [18:29:57.392] [JavaFX Application Thread] [] com.zzg.mybatis.generator.util.DbUtil.getConnectionUrlWithSchema:63 --> getConnectionUrlWithSchema, connection url: jdbc:mysql://127.0.0.1:3306/db_vip?useUnicode=true&useSSL=false&characterEncoding=utf8
[INFO] [18:30:01.618] [JavaFX Application Thread] [] com.zzg.mybatis.generator.util.ConfigHelper.findConnectorLibPath:205 --> jar resource: file:/D:/WorkSpaceIDEA/gsm-mybatis-generator/target/classes/logback.xml
[INFO] [18:30:01.619] [JavaFX Application Thread] [] com.zzg.mybatis.generator.bridge.MybatisGeneratorBridge.generate:64 --> connectorLibPath: D:\WorkSpaceIDEA\gsm-mybatis-generator\target\classes\lib\mysql-connector-java-5.1.38.jar
[INFO] [18:30:01.621] [JavaFX Application Thread] [] com.zzg.mybatis.generator.util.DbUtil.getConnectionUrlWithSchema:63 --> getConnectionUrlWithSchema, connection url: jdbc:mysql://127.0.0.1:3306/db_vip?useUnicode=true&useSSL=false&characterEncoding=utf8
[INFO] [18:30:06.718] [JavaFX Application Thread] [] com.zzg.mybatis.generator.util.ConfigHelper.findConnectorLibPath:205 --> jar resource: file:/D:/WorkSpaceIDEA/gsm-mybatis-generator/target/classes/logback.xml
[INFO] [18:30:06.719] [JavaFX Application Thread] [] com.zzg.mybatis.generator.bridge.MybatisGeneratorBridge.generate:64 --> connectorLibPath: D:\WorkSpaceIDEA\gsm-mybatis-generator\target\classes\lib\mysql-connector-java-5.1.38.jar
[INFO] [18:30:06.719] [JavaFX Application Thread] [] com.zzg.mybatis.generator.util.DbUtil.getConnectionUrlWithSchema:63 --> getConnectionUrlWithSchema, connection url: jdbc:mysql://127.0.0.1:3306/db_vip?useUnicode=true&useSSL=false&characterEncoding=utf8
[INFO] [18:30:11.353] [JavaFX Application Thread] [] com.zzg.mybatis.generator.util.ConfigHelper.findConnectorLibPath:205 --> jar resource: file:/D:/WorkSpaceIDEA/gsm-mybatis-generator/target/classes/logback.xml
[INFO] [18:30:11.354] [JavaFX Application Thread] [] com.zzg.mybatis.generator.bridge.MybatisGeneratorBridge.generate:64 --> connectorLibPath: D:\WorkSpaceIDEA\gsm-mybatis-generator\target\classes\lib\mysql-connector-java-5.1.38.jar
[INFO] [18:30:11.355] [JavaFX Application Thread] [] com.zzg.mybatis.generator.util.DbUtil.getConnectionUrlWithSchema:63 --> getConnectionUrlWithSchema, connection url: jdbc:mysql://127.0.0.1:3306/db_vip?useUnicode=true&useSSL=false&characterEncoding=utf8
[INFO] [18:30:15.719] [JavaFX Application Thread] [] com.zzg.mybatis.generator.util.ConfigHelper.findConnectorLibPath:205 --> jar resource: file:/D:/WorkSpaceIDEA/gsm-mybatis-generator/target/classes/logback.xml
[INFO] [18:30:15.720] [JavaFX Application Thread] [] com.zzg.mybatis.generator.bridge.MybatisGeneratorBridge.generate:64 --> connectorLibPath: D:\WorkSpaceIDEA\gsm-mybatis-generator\target\classes\lib\mysql-connector-java-5.1.38.jar
[INFO] [18:30:15.722] [JavaFX Application Thread] [] com.zzg.mybatis.generator.util.DbUtil.getConnectionUrlWithSchema:63 --> getConnectionUrlWithSchema, connection url: jdbc:mysql://127.0.0.1:3306/db_vip?useUnicode=true&useSSL=false&characterEncoding=utf8
[INFO] [18:30:19.364] [JavaFX Application Thread] [] com.zzg.mybatis.generator.util.ConfigHelper.findConnectorLibPath:205 --> jar resource: file:/D:/WorkSpaceIDEA/gsm-mybatis-generator/target/classes/logback.xml
[INFO] [18:30:19.365] [JavaFX Application Thread] [] com.zzg.mybatis.generator.bridge.MybatisGeneratorBridge.generate:64 --> connectorLibPath: D:\WorkSpaceIDEA\gsm-mybatis-generator\target\classes\lib\mysql-connector-java-5.1.38.jar
[INFO] [18:30:19.366] [JavaFX Application Thread] [] com.zzg.mybatis.generator.util.DbUtil.getConnectionUrlWithSchema:63 --> getConnectionUrlWithSchema, connection url: jdbc:mysql://127.0.0.1:3306/db_vip?useUnicode=true&useSSL=false&characterEncoding=utf8
